<?xml version="1.0" encoding="UTF-8"?>
<!-- Generated by org.testng.reporters.JUnitReportReporter -->
<testsuite hostname="LAPTOP-88TEQJFC" failures="0" tests="1" name="cucumber.TestNGTestRunner" time="17.866" errors="0" timestamp="2023-11-06T18:56:19 GMT" skipped="0">
  <testcase classname="cucumber.TestNGTestRunner" name="runScenario" time="17.866"/>
</testsuite> <!-- cucumber.TestNGTestRunner -->
