<?xml version="1.0" encoding="UTF-8"?>
<!-- Generated by org.testng.reporters.JUnitReportReporter -->
<testsuite hostname="LAPTOP-88TEQJFC" failures="0" tests="4" name="qaacademy.tests.SubmitOrderTest" time="40.744" errors="0" timestamp="2023-11-02T16:51:57 GMT" skipped="1">
  <testcase classname="qaacademy.tests.SubmitOrderTest" name="orderHistory" time="6.914"/>
  <testcase classname="qaacademy.tests.SubmitOrderTest" name="submitOrder" time="11.345"/>
  <testcase classname="qaacademy.tests.SubmitOrderTest" name="submitOrder" time="10.484">
    <skipped/>
  </testcase> <!-- submitOrder -->
  <testcase classname="qaacademy.tests.SubmitOrderTest" name="submitOrder" time="12.001"/>
</testsuite> <!-- qaacademy.tests.SubmitOrderTest -->
