<?xml version="1.0" encoding="UTF-8"?>
<!-- Generated by org.testng.reporters.JUnitReportReporter -->
<testsuite hostname="LAPTOP-88TEQJFC" failures="0" tests="1" name="cucumber.TestNGTestRunner" time="14.920" errors="0" timestamp="2023-11-06T19:12:34 GMT" skipped="0">
  <testcase classname="cucumber.TestNGTestRunner" name="runScenario" time="14.920"/>
</testsuite> <!-- cucumber.TestNGTestRunner -->
