<?xml version="1.0" encoding="UTF-8"?>
<!-- Generated by org.testng.reporters.JUnitReportReporter -->
<testsuite hostname="LAPTOP-88TEQJFC" failures="0" tests="2" name="qaacademy.tests.SubmitOrderTest" time="24.068" errors="0" timestamp="2023-11-03T18:08:16 GMT" skipped="0">
  <testcase classname="qaacademy.tests.SubmitOrderTest" name="submitOrder" time="10.210"/>
  <testcase classname="qaacademy.tests.SubmitOrderTest" name="submitOrder" time="13.858"/>
</testsuite> <!-- qaacademy.tests.SubmitOrderTest -->
